Compiled jquery.js  (2ms)  (pid 51220)
Compiled jquery_ujs.js  (0ms)  (pid 51220)
Compiled bootstrap.js  (0ms)  (pid 51220)
Compiled bootstrap.min.js  (0ms)  (pid 51220)
Compiled users.js  (221ms)  (pid 51220)
Compiled application.js  (285ms)  (pid 51220)
Compiled bootstrap-theme.css  (0ms)  (pid 51220)
Compiled bootstrap-theme.min.css  (0ms)  (pid 51220)
Compiled bootstrap.css  (0ms)  (pid 51220)
Compiled bootstrap.min.css  (0ms)  (pid 51220)
Compiled font-awesome.css  (0ms)  (pid 51220)
Compiled launchcrush.css  (0ms)  (pid 51220)
Compiled launchpage.css  (0ms)  (pid 51220)
Compiled users.css  (10ms)  (pid 51220)
Compiled application.css  (51ms)  (pid 51220)
Compiled jquery.js  (2ms)  (pid 51220)
Compiled jquery_ujs.js  (0ms)  (pid 51220)
Compiled bootstrap.js  (0ms)  (pid 51220)
Compiled bootstrap.min.js  (0ms)  (pid 51220)
Compiled users.js  (197ms)  (pid 51220)
Compiled application.js  (246ms)  (pid 51220)
Compiled bootstrap-theme.css  (0ms)  (pid 51220)
Compiled bootstrap-theme.min.css  (0ms)  (pid 51220)
Compiled bootstrap.css  (0ms)  (pid 51220)
Compiled bootstrap.min.css  (1ms)  (pid 51220)
Compiled font-awesome.css  (0ms)  (pid 51220)
Compiled launchcrush.css  (0ms)  (pid 51220)
Compiled launchpage.css  (0ms)  (pid 51220)
Compiled users.css  (16ms)  (pid 51220)
Compiled application.css  (80ms)  (pid 51220)
Compiled jquery.js  (1ms)  (pid 51242)
Compiled jquery_ujs.js  (0ms)  (pid 51242)
Compiled bootstrap.js  (0ms)  (pid 51242)
Compiled bootstrap.min.js  (0ms)  (pid 51242)
Compiled users.js  (117ms)  (pid 51242)
Compiled application.js  (174ms)  (pid 51242)
Compiled bootstrap-theme.css  (0ms)  (pid 51242)
Compiled bootstrap-theme.min.css  (0ms)  (pid 51242)
Compiled bootstrap.css  (0ms)  (pid 51242)
Compiled bootstrap.min.css  (1ms)  (pid 51242)
Compiled font-awesome.css  (0ms)  (pid 51242)
Compiled launchcrush.css  (0ms)  (pid 51242)
Compiled launchpage.css  (0ms)  (pid 51242)
Compiled users.css  (10ms)  (pid 51242)
Compiled application.css  (55ms)  (pid 51242)
Compiled jquery.js  (1ms)  (pid 51242)
Compiled jquery_ujs.js  (0ms)  (pid 51242)
Compiled bootstrap.js  (0ms)  (pid 51242)
Compiled bootstrap.min.js  (0ms)  (pid 51242)
Compiled users.js  (140ms)  (pid 51242)
Compiled application.js  (171ms)  (pid 51242)
Compiled bootstrap-theme.css  (0ms)  (pid 51242)
Compiled bootstrap-theme.min.css  (0ms)  (pid 51242)
Compiled bootstrap.css  (0ms)  (pid 51242)
Compiled bootstrap.min.css  (1ms)  (pid 51242)
Compiled font-awesome.css  (0ms)  (pid 51242)
Compiled launchcrush.css  (0ms)  (pid 51242)
Compiled launchpage.css  (0ms)  (pid 51242)
Compiled users.css  (19ms)  (pid 51242)
Compiled application.css  (88ms)  (pid 51242)
Compiled jquery.js  (3ms)  (pid 51343)
Compiled jquery_ujs.js  (0ms)  (pid 51343)
Compiled bootstrap.js  (0ms)  (pid 51343)
Compiled bootstrap.min.js  (0ms)  (pid 51343)
Compiled users.js  (152ms)  (pid 51343)
Compiled application.js  (219ms)  (pid 51343)
Compiled bootstrap-theme.css  (0ms)  (pid 51343)
Compiled bootstrap-theme.min.css  (0ms)  (pid 51343)
Compiled bootstrap.css  (0ms)  (pid 51343)
Compiled bootstrap.min.css  (0ms)  (pid 51343)
Compiled font-awesome.css  (0ms)  (pid 51343)
Compiled launchcrush.css  (0ms)  (pid 51343)
Compiled launchpage.css  (0ms)  (pid 51343)
Compiled users.css  (7ms)  (pid 51343)
Compiled application.css  (49ms)  (pid 51343)
Compiled jquery.js  (2ms)  (pid 51343)
Compiled jquery_ujs.js  (0ms)  (pid 51343)
Compiled bootstrap.js  (0ms)  (pid 51343)
Compiled bootstrap.min.js  (0ms)  (pid 51343)
Compiled users.js  (142ms)  (pid 51343)
Compiled application.js  (172ms)  (pid 51343)
Compiled bootstrap-theme.css  (0ms)  (pid 51343)
Compiled bootstrap-theme.min.css  (0ms)  (pid 51343)
Compiled bootstrap.css  (0ms)  (pid 51343)
Compiled bootstrap.min.css  (0ms)  (pid 51343)
Compiled font-awesome.css  (0ms)  (pid 51343)
Compiled launchcrush.css  (0ms)  (pid 51343)
Compiled launchpage.css  (0ms)  (pid 51343)
Compiled users.css  (10ms)  (pid 51343)
Compiled application.css  (73ms)  (pid 51343)
Compiled jquery.js  (4ms)  (pid 3962)
Compiled jquery_ujs.js  (0ms)  (pid 3962)
Compiled bootstrap.js  (1ms)  (pid 3962)
Compiled bootstrap.min.js  (0ms)  (pid 3962)
Compiled users.js  (295ms)  (pid 3962)
Compiled application.js  (382ms)  (pid 3962)
Compiled bootstrap-theme.css  (0ms)  (pid 3962)
Compiled bootstrap-theme.min.css  (0ms)  (pid 3962)
Compiled bootstrap.css  (1ms)  (pid 3962)
Compiled bootstrap.min.css  (1ms)  (pid 3962)
Compiled font-awesome.css  (0ms)  (pid 3962)
Compiled launchcrush.css  (0ms)  (pid 3962)
Compiled users.css  (19ms)  (pid 3962)
Compiled application.css  (75ms)  (pid 3962)
Compiled jquery.js  (2ms)  (pid 3962)
Compiled jquery_ujs.js  (0ms)  (pid 3962)
Compiled bootstrap.js  (0ms)  (pid 3962)
Compiled bootstrap.min.js  (0ms)  (pid 3962)
Compiled users.js  (132ms)  (pid 3962)
Compiled application.js  (186ms)  (pid 3962)
Compiled bootstrap-theme.css  (0ms)  (pid 3962)
Compiled bootstrap-theme.min.css  (0ms)  (pid 3962)
Compiled bootstrap.css  (0ms)  (pid 3962)
Compiled bootstrap.min.css  (0ms)  (pid 3962)
Compiled font-awesome.css  (0ms)  (pid 3962)
Compiled launchcrush.css  (0ms)  (pid 3962)
Compiled users.css  (11ms)  (pid 3962)
Compiled application.css  (50ms)  (pid 3962)
Compiled jquery.js  (1ms)  (pid 4692)
Compiled jquery_ujs.js  (0ms)  (pid 4692)
Compiled bootstrap.js  (0ms)  (pid 4692)
Compiled bootstrap.min.js  (0ms)  (pid 4692)
Compiled users.js  (204ms)  (pid 4692)
Compiled application.js  (256ms)  (pid 4692)
Compiled bootstrap-theme.css  (0ms)  (pid 4692)
Compiled bootstrap-theme.min.css  (0ms)  (pid 4692)
Compiled bootstrap.css  (0ms)  (pid 4692)
Compiled bootstrap.min.css  (0ms)  (pid 4692)
Compiled font-awesome.css  (0ms)  (pid 4692)
Compiled launchcrush.css  (0ms)  (pid 4692)
Compiled users.css  (9ms)  (pid 4692)
Compiled application.css  (45ms)  (pid 4692)
Compiled jquery.js  (1ms)  (pid 4692)
Compiled jquery_ujs.js  (0ms)  (pid 4692)
Compiled bootstrap.js  (0ms)  (pid 4692)
Compiled bootstrap.min.js  (0ms)  (pid 4692)
Compiled users.js  (182ms)  (pid 4692)
Compiled application.js  (238ms)  (pid 4692)
Compiled bootstrap-theme.css  (0ms)  (pid 4692)
Compiled bootstrap-theme.min.css  (0ms)  (pid 4692)
Compiled bootstrap.css  (1ms)  (pid 4692)
Compiled bootstrap.min.css  (1ms)  (pid 4692)
Compiled font-awesome.css  (0ms)  (pid 4692)
Compiled launchcrush.css  (0ms)  (pid 4692)
Compiled users.css  (14ms)  (pid 4692)
Compiled application.css  (65ms)  (pid 4692)
